<?xml version="1.0" encoding="UTF-8"?>
<!-- Generated by org.testng.reporters.JUnitXMLReporter -->
<testsuite ignored="0" hostname="Sowmya" failures="1" tests="10" name="Test" time="6.372" errors="0" timestamp="2024-09-27T20:16:57 IST">
  <testcase classname="com.api.com.APITest.CreateUser" name="createUser" time="2.751"/>
  <testcase classname="com.api.com.APITest.CreateUser" name="createUserAndVerifyResponseSchema" time="0.95">
    <failure type="java.lang.AssertionError" message="1 expectation failed.
Response body doesn&amp;apos;t match expectation.
Expected: The content to match the given JSON schema.
error: object has missing required properties ([&amp;quot;job&amp;quot;,&amp;quot;name&amp;quot;])
    level: &amp;quot;error&amp;quot;
    schema: {&amp;quot;loadingURI&amp;quot;:&amp;quot;#&amp;quot;,&amp;quot;pointer&amp;quot;:&amp;quot;&amp;quot;}
    instance: {&amp;quot;pointer&amp;quot;:&amp;quot;&amp;quot;}
    domain: &amp;quot;validation&amp;quot;
    keyword: &amp;quot;required&amp;quot;
    required: [&amp;quot;createdAt&amp;quot;,&amp;quot;id&amp;quot;,&amp;quot;job&amp;quot;,&amp;quot;name&amp;quot;]
    missing: [&amp;quot;job&amp;quot;,&amp;quot;name&amp;quot;]

  Actual: {&amp;quot;id&amp;quot;:&amp;quot;351&amp;quot;,&amp;quot;createdAt&amp;quot;:&amp;quot;2024-09-27T14:46:54.757Z&amp;quot;}
">
      <![CDATA[java.lang.AssertionError: 1 expectation failed.
Response body doesn't match expectation.
Expected: The content to match the given JSON schema.
error: object has missing required properties (["job","name"])
    level: "error"
    schema: {"loadingURI":"#","pointer":""}
    instance: {"pointer":""}
    domain: "validation"
    keyword: "required"
    required: ["createdAt","id","job","name"]
    missing: ["job","name"]

  Actual: {"id":"351","createdAt":"2024-09-27T14:46:54.757Z"}

at org.codehaus.groovy.runtime.callsite.ConstructorSite$ConstructorSiteNoUnwrapNoCoerce.callConstructor(ConstructorSite.java:105)
at org.codehaus.groovy.runtime.callsite.CallSiteArray.defaultCallConstructor(CallSiteArray.java:59)
at org.codehaus.groovy.runtime.callsite.AbstractCallSite.callConstructor(AbstractCallSite.java:263)
at org.codehaus.groovy.runtime.callsite.AbstractCallSite.callConstructor(AbstractCallSite.java:277)
at io.restassured.internal.ResponseSpecificationImpl$HamcrestAssertionClosure.validate(ResponseSpecificationImpl.groovy:493)
at io.restassured.internal.ResponseSpecificationImpl$HamcrestAssertionClosure$validate$1.call(Unknown Source)
at org.codehaus.groovy.runtime.callsite.CallSiteArray.defaultCall(CallSiteArray.java:47)
at org.codehaus.groovy.runtime.callsite.AbstractCallSite.call(AbstractCallSite.java:125)
at org.codehaus.groovy.runtime.callsite.AbstractCallSite.call(AbstractCallSite.java:139)
at io.restassured.internal.ResponseSpecificationImpl.validateResponseIfRequired(ResponseSpecificationImpl.groovy:674)
at org.codehaus.groovy.runtime.callsite.PlainObjectMetaMethodSite.doInvoke(PlainObjectMetaMethodSite.java:43)
at org.codehaus.groovy.runtime.callsite.PogoMetaMethodSite$PogoCachedMethodSiteNoUnwrapNoCoerce.invoke(PogoMetaMethodSite.java:193)
at org.codehaus.groovy.runtime.callsite.PogoMetaMethodSite.callCurrent(PogoMetaMethodSite.java:61)
at org.codehaus.groovy.runtime.callsite.CallSiteArray.defaultCallCurrent(CallSiteArray.java:51)
at org.codehaus.groovy.runtime.callsite.AbstractCallSite.callCurrent(AbstractCallSite.java:171)
at org.codehaus.groovy.runtime.callsite.AbstractCallSite.callCurrent(AbstractCallSite.java:185)
at io.restassured.internal.ResponseSpecificationImpl.body(ResponseSpecificationImpl.groovy:98)
at io.restassured.internal.ValidatableResponseOptionsImpl.body(ValidatableResponseOptionsImpl.java:238)
at io.restassured.internal.ValidatableResponseImpl.super$2$body(ValidatableResponseImpl.groovy)
at groovy.lang.MetaMethod.doMethodInvoke(MetaMethod.java:323)
at groovy.lang.MetaClassImpl.invokeMethod(MetaClassImpl.java:1268)
at org.codehaus.groovy.runtime.ScriptBytecodeAdapter.invokeMethodOnSuperN(ScriptBytecodeAdapter.java:144)
at io.restassured.internal.ValidatableResponseImpl.body(ValidatableResponseImpl.groovy:293)
at io.restassured.internal.ValidatableResponseImpl.body(ValidatableResponseImpl.groovy)
at httpMethods.PostRequest.sendPostRequestToVerifyJsonSchemaValidator(PostRequest.java:23)
at services.UserService.createUserAndVerifyJsonSchema(UserService.java:46)
at com.api.com.APITest.CreateUser.createUserAndVerifyResponseSchema(CreateUser.java:69)
at java.base/java.util.ArrayList.forEach(ArrayList.java:1511)
... Removed 42 stack frames]]>
    </failure>
  </testcase> <!-- createUserAndVerifyResponseSchema -->
  <testcase classname="com.api.com.APITest.GetUserDetails" name="sendAGetRequestAndSendIdsDynamically" time="0.173"/>
  <testcase classname="com.api.com.APITest.GetUserDetails" name="sendAGetRequestAndSendIdsDynamically" time="0.14"/>
  <testcase classname="com.api.com.APITest.GetUserDetails" name="sendAGetRequestAndSendIdsDynamically" time="0.427"/>
  <testcase classname="com.api.com.APITest.GetUserDetails" name="sendAGetRequestAndSendIdsDynamically" time="0.525"/>
  <testcase classname="com.api.com.APITest.GetUserDetails" name="verifyResponseHasSupportObjectWhenUserIdsAreSendDynamically" time="0.133"/>
  <testcase classname="com.api.com.APITest.GetUserDetails" name="verifyResponseHasSupportObjectWhenUserIdsAreSendDynamically" time="0.137"/>
  <testcase classname="com.api.com.APITest.GetUserDetails" name="verifyResponseHasSupportObjectWhenUserIdsAreSendDynamically" time="0.433"/>
  <testcase classname="com.api.com.APITest.GetUserDetails" name="verifyResponseHasSupportObjectWhenUserIdsAreSendDynamically" time="0.508"/>
</testsuite> <!-- Test -->
