<?xml version="1.0" encoding="UTF-8"?>
<testng-results ignored="0" total="10" passed="9" failed="1" skipped="0">
  <reporter-output>
  </reporter-output>
  <suite started-at="2024-09-27T20:16:51 IST" name="Suite" finished-at="2024-09-27T20:16:57 IST" duration-ms="6372">
    <groups>
    </groups>
    <test started-at="2024-09-27T20:16:51 IST" name="Test" finished-at="2024-09-27T20:16:57 IST" duration-ms="6372">
      <class name="com.api.com.APITest.GetUserDetails">
        <test-method is-config="true" signature="intializeRequestDetails()[pri:0, instance:com.api.com.APITest.GetUserDetails@692f203f]" started-at="2024-09-27T20:16:55 IST" name="intializeRequestDetails" finished-at="2024-09-27T20:16:55 IST" duration-ms="5" status="PASS">
          <reporter-output>
          </reporter-output>
        </test-method> <!-- intializeRequestDetails -->
        <test-method signature="sendAGetRequestAndSendIdsDynamically(java.lang.String)[pri:0, instance:com.api.com.APITest.GetUserDetails@692f203f]" started-at="2024-09-27T20:16:55 IST" name="sendAGetRequestAndSendIdsDynamically" data-provider="userids" finished-at="2024-09-27T20:16:55 IST" duration-ms="173" status="PASS">
          <params>
            <param index="0">
              <value>
                <![CDATA[1]]>
              </value>
            </param>
          </params>
          <reporter-output>
          </reporter-output>
        </test-method> <!-- sendAGetRequestAndSendIdsDynamically -->
        <test-method signature="sendAGetRequestAndSendIdsDynamically(java.lang.String)[pri:0, instance:com.api.com.APITest.GetUserDetails@692f203f]" started-at="2024-09-27T20:16:55 IST" name="sendAGetRequestAndSendIdsDynamically" data-provider="userids" finished-at="2024-09-27T20:16:55 IST" duration-ms="140" status="PASS">
          <params>
            <param index="0">
              <value>
                <![CDATA[2]]>
              </value>
            </param>
          </params>
          <reporter-output>
          </reporter-output>
        </test-method> <!-- sendAGetRequestAndSendIdsDynamically -->
        <test-method signature="sendAGetRequestAndSendIdsDynamically(java.lang.String)[pri:0, instance:com.api.com.APITest.GetUserDetails@692f203f]" started-at="2024-09-27T20:16:55 IST" name="sendAGetRequestAndSendIdsDynamically" data-provider="userids" finished-at="2024-09-27T20:16:55 IST" duration-ms="427" status="PASS">
          <params>
            <param index="0">
              <value>
                <![CDATA[3]]>
              </value>
            </param>
          </params>
          <reporter-output>
          </reporter-output>
        </test-method> <!-- sendAGetRequestAndSendIdsDynamically -->
        <test-method signature="sendAGetRequestAndSendIdsDynamically(java.lang.String)[pri:0, instance:com.api.com.APITest.GetUserDetails@692f203f]" started-at="2024-09-27T20:16:55 IST" name="sendAGetRequestAndSendIdsDynamically" data-provider="userids" finished-at="2024-09-27T20:16:56 IST" duration-ms="525" status="PASS">
          <params>
            <param index="0">
              <value>
                <![CDATA[4]]>
              </value>
            </param>
          </params>
          <reporter-output>
          </reporter-output>
        </test-method> <!-- sendAGetRequestAndSendIdsDynamically -->
        <test-method signature="verifyResponseHasSupportObjectWhenUserIdsAreSendDynamically(java.lang.String)[pri:0, instance:com.api.com.APITest.GetUserDetails@692f203f]" started-at="2024-09-27T20:16:56 IST" name="verifyResponseHasSupportObjectWhenUserIdsAreSendDynamically" data-provider="userids" finished-at="2024-09-27T20:16:56 IST" duration-ms="133" status="PASS">
          <params>
            <param index="0">
              <value>
                <![CDATA[1]]>
              </value>
            </param>
          </params>
          <reporter-output>
          </reporter-output>
        </test-method> <!-- verifyResponseHasSupportObjectWhenUserIdsAreSendDynamically -->
        <test-method signature="verifyResponseHasSupportObjectWhenUserIdsAreSendDynamically(java.lang.String)[pri:0, instance:com.api.com.APITest.GetUserDetails@692f203f]" started-at="2024-09-27T20:16:56 IST" name="verifyResponseHasSupportObjectWhenUserIdsAreSendDynamically" data-provider="userids" finished-at="2024-09-27T20:16:56 IST" duration-ms="137" status="PASS">
          <params>
            <param index="0">
              <value>
                <![CDATA[2]]>
              </value>
            </param>
          </params>
          <reporter-output>
          </reporter-output>
        </test-method> <!-- verifyResponseHasSupportObjectWhenUserIdsAreSendDynamically -->
        <test-method signature="verifyResponseHasSupportObjectWhenUserIdsAreSendDynamically(java.lang.String)[pri:0, instance:com.api.com.APITest.GetUserDetails@692f203f]" started-at="2024-09-27T20:16:56 IST" name="verifyResponseHasSupportObjectWhenUserIdsAreSendDynamically" data-provider="userids" finished-at="2024-09-27T20:16:57 IST" duration-ms="433" status="PASS">
          <params>
            <param index="0">
              <value>
                <![CDATA[3]]>
              </value>
            </param>
          </params>
          <reporter-output>
          </reporter-output>
        </test-method> <!-- verifyResponseHasSupportObjectWhenUserIdsAreSendDynamically -->
        <test-method signature="verifyResponseHasSupportObjectWhenUserIdsAreSendDynamically(java.lang.String)[pri:0, instance:com.api.com.APITest.GetUserDetails@692f203f]" started-at="2024-09-27T20:16:57 IST" name="verifyResponseHasSupportObjectWhenUserIdsAreSendDynamically" data-provider="userids" finished-at="2024-09-27T20:16:57 IST" duration-ms="508" status="PASS">
          <params>
            <param index="0">
              <value>
                <![CDATA[4]]>
              </value>
            </param>
          </params>
          <reporter-output>
          </reporter-output>
        </test-method> <!-- verifyResponseHasSupportObjectWhenUserIdsAreSendDynamically -->
      </class> <!-- com.api.com.APITest.GetUserDetails -->
      <class name="com.api.com.APITest.CreateUser">
        <test-method is-config="true" signature="intializeRequestDetails()[pri:0, instance:com.api.com.APITest.CreateUser@5c6648b0]" started-at="2024-09-27T20:16:51 IST" name="intializeRequestDetails" finished-at="2024-09-27T20:16:51 IST" duration-ms="117" status="PASS">
          <reporter-output>
          </reporter-output>
        </test-method> <!-- intializeRequestDetails -->
        <test-method signature="createUser(java.lang.String,java.lang.String)[pri:0, instance:com.api.com.APITest.CreateUser@5c6648b0]" started-at="2024-09-27T20:16:51 IST" name="createUser" data-provider="userdetails" finished-at="2024-09-27T20:16:54 IST" duration-ms="2751" status="PASS">
          <params>
            <param index="0">
              <value>
                <![CDATA[Radha]]>
              </value>
            </param>
            <param index="1">
              <value>
                <![CDATA[SDET]]>
              </value>
            </param>
          </params>
          <reporter-output>
          </reporter-output>
        </test-method> <!-- createUser -->
        <test-method signature="createUserAndVerifyResponseSchema(java.lang.String,java.lang.String)[pri:0, instance:com.api.com.APITest.CreateUser@5c6648b0]" started-at="2024-09-27T20:16:54 IST" name="createUserAndVerifyResponseSchema" data-provider="userdetails" finished-at="2024-09-27T20:16:55 IST" duration-ms="950" status="FAIL">
          <params>
            <param index="0">
              <value>
                <![CDATA[Radha]]>
              </value>
            </param>
            <param index="1">
              <value>
                <![CDATA[SDET]]>
              </value>
            </param>
          </params>
          <exception class="java.lang.AssertionError">
            <message>
              <![CDATA[1 expectation failed.
Response body doesn't match expectation.
Expected: The content to match the given JSON schema.
error: object has missing required properties (["job","name"])
    level: "error"
    schema: {"loadingURI":"#","pointer":""}
    instance: {"pointer":""}
    domain: "validation"
    keyword: "required"
    required: ["createdAt","id","job","name"]
    missing: ["job","name"]

  Actual: {"id":"351","createdAt":"2024-09-27T14:46:54.757Z"}
]]>
            </message>
            <full-stacktrace>
              <![CDATA[java.lang.AssertionError: 1 expectation failed.
Response body doesn't match expectation.
Expected: The content to match the given JSON schema.
error: object has missing required properties (["job","name"])
    level: "error"
    schema: {"loadingURI":"#","pointer":""}
    instance: {"pointer":""}
    domain: "validation"
    keyword: "required"
    required: ["createdAt","id","job","name"]
    missing: ["job","name"]

  Actual: {"id":"351","createdAt":"2024-09-27T14:46:54.757Z"}

at java.base/jdk.internal.reflect.NativeConstructorAccessorImpl.newInstance0(Native Method)
at java.base/jdk.internal.reflect.NativeConstructorAccessorImpl.newInstance(NativeConstructorAccessorImpl.java:77)
at java.base/jdk.internal.reflect.DelegatingConstructorAccessorImpl.newInstance(DelegatingConstructorAccessorImpl.java:45)
at java.base/java.lang.reflect.Constructor.newInstanceWithCaller(Constructor.java:499)
at java.base/java.lang.reflect.Constructor.newInstance(Constructor.java:480)
at org.codehaus.groovy.reflection.CachedConstructor.invoke(CachedConstructor.java:72)
at org.codehaus.groovy.runtime.callsite.ConstructorSite$ConstructorSiteNoUnwrapNoCoerce.callConstructor(ConstructorSite.java:105)
at org.codehaus.groovy.runtime.callsite.CallSiteArray.defaultCallConstructor(CallSiteArray.java:59)
at org.codehaus.groovy.runtime.callsite.AbstractCallSite.callConstructor(AbstractCallSite.java:263)
at org.codehaus.groovy.runtime.callsite.AbstractCallSite.callConstructor(AbstractCallSite.java:277)
at io.restassured.internal.ResponseSpecificationImpl$HamcrestAssertionClosure.validate(ResponseSpecificationImpl.groovy:493)
at io.restassured.internal.ResponseSpecificationImpl$HamcrestAssertionClosure$validate$1.call(Unknown Source)
at org.codehaus.groovy.runtime.callsite.CallSiteArray.defaultCall(CallSiteArray.java:47)
at org.codehaus.groovy.runtime.callsite.AbstractCallSite.call(AbstractCallSite.java:125)
at org.codehaus.groovy.runtime.callsite.AbstractCallSite.call(AbstractCallSite.java:139)
at io.restassured.internal.ResponseSpecificationImpl.validateResponseIfRequired(ResponseSpecificationImpl.groovy:674)
at java.base/jdk.internal.reflect.NativeMethodAccessorImpl.invoke0(Native Method)
at java.base/jdk.internal.reflect.NativeMethodAccessorImpl.invoke(NativeMethodAccessorImpl.java:77)
at java.base/jdk.internal.reflect.DelegatingMethodAccessorImpl.invoke(DelegatingMethodAccessorImpl.java:43)
at java.base/java.lang.reflect.Method.invoke(Method.java:568)
at org.codehaus.groovy.runtime.callsite.PlainObjectMetaMethodSite.doInvoke(PlainObjectMetaMethodSite.java:43)
at org.codehaus.groovy.runtime.callsite.PogoMetaMethodSite$PogoCachedMethodSiteNoUnwrapNoCoerce.invoke(PogoMetaMethodSite.java:193)
at org.codehaus.groovy.runtime.callsite.PogoMetaMethodSite.callCurrent(PogoMetaMethodSite.java:61)
at org.codehaus.groovy.runtime.callsite.CallSiteArray.defaultCallCurrent(CallSiteArray.java:51)
at org.codehaus.groovy.runtime.callsite.AbstractCallSite.callCurrent(AbstractCallSite.java:171)
at org.codehaus.groovy.runtime.callsite.AbstractCallSite.callCurrent(AbstractCallSite.java:185)
at io.restassured.internal.ResponseSpecificationImpl.body(ResponseSpecificationImpl.groovy:98)
at io.restassured.internal.ValidatableResponseOptionsImpl.body(ValidatableResponseOptionsImpl.java:238)
at io.restassured.internal.ValidatableResponseImpl.super$2$body(ValidatableResponseImpl.groovy)
at java.base/jdk.internal.reflect.NativeMethodAccessorImpl.invoke0(Native Method)
at java.base/jdk.internal.reflect.NativeMethodAccessorImpl.invoke(NativeMethodAccessorImpl.java:77)
at java.base/jdk.internal.reflect.DelegatingMethodAccessorImpl.invoke(DelegatingMethodAccessorImpl.java:43)
at java.base/java.lang.reflect.Method.invoke(Method.java:568)
at org.codehaus.groovy.reflection.CachedMethod.invoke(CachedMethod.java:107)
at groovy.lang.MetaMethod.doMethodInvoke(MetaMethod.java:323)
at groovy.lang.MetaClassImpl.invokeMethod(MetaClassImpl.java:1268)
at org.codehaus.groovy.runtime.ScriptBytecodeAdapter.invokeMethodOnSuperN(ScriptBytecodeAdapter.java:144)
at io.restassured.internal.ValidatableResponseImpl.body(ValidatableResponseImpl.groovy:293)
at io.restassured.internal.ValidatableResponseImpl.body(ValidatableResponseImpl.groovy)
at httpMethods.PostRequest.sendPostRequestToVerifyJsonSchemaValidator(PostRequest.java:23)
at services.UserService.createUserAndVerifyJsonSchema(UserService.java:46)
at com.api.com.APITest.CreateUser.createUserAndVerifyResponseSchema(CreateUser.java:69)
at java.base/jdk.internal.reflect.NativeMethodAccessorImpl.invoke0(Native Method)
at java.base/jdk.internal.reflect.NativeMethodAccessorImpl.invoke(NativeMethodAccessorImpl.java:77)
at java.base/jdk.internal.reflect.DelegatingMethodAccessorImpl.invoke(DelegatingMethodAccessorImpl.java:43)
at java.base/java.lang.reflect.Method.invoke(Method.java:568)
at org.testng.internal.MethodInvocationHelper.invokeMethod(MethodInvocationHelper.java:133)
at org.testng.internal.TestInvoker.invokeMethod(TestInvoker.java:598)
at org.testng.internal.TestInvoker.invokeTestMethod(TestInvoker.java:173)
at org.testng.internal.MethodRunner.runInSequence(MethodRunner.java:46)
at org.testng.internal.TestInvoker$MethodInvocationAgent.invoke(TestInvoker.java:824)
at org.testng.internal.TestInvoker.invokeTestMethods(TestInvoker.java:146)
at org.testng.internal.TestMethodWorker.invokeTestMethods(TestMethodWorker.java:146)
at org.testng.internal.TestMethodWorker.run(TestMethodWorker.java:128)
at java.base/java.util.ArrayList.forEach(ArrayList.java:1511)
at org.testng.TestRunner.privateRun(TestRunner.java:794)
at org.testng.TestRunner.run(TestRunner.java:596)
at org.testng.SuiteRunner.runTest(SuiteRunner.java:377)
at org.testng.SuiteRunner.runSequentially(SuiteRunner.java:371)
at org.testng.SuiteRunner.privateRun(SuiteRunner.java:332)
at org.testng.SuiteRunner.run(SuiteRunner.java:276)
at org.testng.SuiteRunnerWorker.runSuite(SuiteRunnerWorker.java:53)
at org.testng.SuiteRunnerWorker.run(SuiteRunnerWorker.java:96)
at org.testng.TestNG.runSuitesSequentially(TestNG.java:1212)
at org.testng.TestNG.runSuitesLocally(TestNG.java:1134)
at org.testng.TestNG.runSuites(TestNG.java:1063)
at org.testng.TestNG.run(TestNG.java:1031)
at org.testng.remote.AbstractRemoteTestNG.run(AbstractRemoteTestNG.java:115)
at org.testng.remote.RemoteTestNG.initAndRun(RemoteTestNG.java:293)
at org.testng.remote.RemoteTestNG.main(RemoteTestNG.java:91)
]]>
            </full-stacktrace>
          </exception> <!-- java.lang.AssertionError -->
          <reporter-output>
          </reporter-output>
        </test-method> <!-- createUserAndVerifyResponseSchema -->
      </class> <!-- com.api.com.APITest.CreateUser -->
    </test> <!-- Test -->
  </suite> <!-- Suite -->
</testng-results>
